Current libzmq version is 4.3.4
Current  pyzmq version is 22.0.3
Registering to broker at tcp://10.0.0.1:5554 with topic: zipcode temperature relhumidity
Sending data: 10101, -27, 41
Trying to publish
Sending Data number 0 at 1613437781.840069
Sending data: 10101, -74, 55
Trying to publish
Sending Data number 1 at 1613437782.389151
Sending data: 10101, -50, 58
Trying to publish
Sending Data number 2 at 1613437782.905121
Sending data: 10101, 77, 27
Trying to publish
Sending Data number 3 at 1613437783.411453
Sending data: 10101, -38, 33
Trying to publish
Sending Data number 4 at 1613437783.958772
Sending data: 10101, -69, 13
Trying to publish
Sending Data number 5 at 1613437784.498612
Sending data: 10101, 45, 28
Trying to publish
Sending Data number 6 at 1613437785.010139
Sending data: 10101, 95, 12
Trying to publish
Sending Data number 7 at 1613437785.520476
Sending data: 10101, -37, 36
Trying to publish
Sending Data number 8 at 1613437786.027185
Sending data: 10101, 102, 46
Trying to publish
Sending Data number 9 at 1613437786.532584
Sending data: 10101, -46, 45
Trying to publish
Sending Data number 10 at 1613437787.039593
Sending data: 10101, 70, 35
Trying to publish
Sending Data number 11 at 1613437787.547951
Sending data: 10101, 11, 22
Trying to publish
Sending Data number 12 at 1613437788.064097
Sending data: 10101, 104, 12
Trying to publish
Sending Data number 13 at 1613437788.570047
Sending data: 10101, -8, 31
Trying to publish
Sending Data number 14 at 1613437789.076906
Sending data: 10101, -53, 14
Trying to publish
Sending Data number 15 at 1613437789.583643
Sending data: 10101, 13, 51
Trying to publish
Sending Data number 16 at 1613437790.092477
Sending data: 10101, 121, 44
Trying to publish
Sending Data number 17 at 1613437790.600705
Sending data: 10101, -70, 13
Trying to publish
Sending Data number 18 at 1613437791.111608
Sending data: 10101, 77, 47
Trying to publish
Sending Data number 19 at 1613437791.620907
