Current libzmq version is 4.3.4
Current  pyzmq version is 22.0.3
Registered pub on tcp://*:5556
Sending data: 10102, -21, 20
Trying to publish
Sending data to subscriber
Sending data: 10102, 67, 59
Trying to publish
Sending data to subscriber
Sending data: 10102, -34, 44
Trying to publish
Sending data to subscriber
Sending data: 10102, 89, 36
Trying to publish
Sending data to subscriber
Sending data: 10102, -30, 49
Trying to publish
Sending data to subscriber
Sending data: 10102, -40, 11
Trying to publish
Sending data to subscriber
Sending data: 10102, -42, 34
Trying to publish
Sending data to subscriber
Sending data: 10102, 44, 20
Trying to publish
Sending data to subscriber
Sending data: 10102, 34, 19
Trying to publish
Sending data to subscriber
Sending data: 10102, 5, 12
Trying to publish
Sending data to subscriber
Sending data: 10102, -20, 46
Trying to publish
Sending data to subscriber
Sending data: 10102, -61, 13
Trying to publish
Sending data to subscriber
Sending data: 10102, -73, 40
Trying to publish
Sending data to subscriber
Sending data: 10102, 43, 16
Trying to publish
Sending data to subscriber
Sending data: 10102, 107, 44
Trying to publish
Sending data to subscriber
Sending data: 10102, -53, 39
Trying to publish
Sending data to subscriber
Sending data: 10102, 54, 57
Trying to publish
Sending data to subscriber
Sending data: 10102, 67, 32
Trying to publish
Sending data to subscriber
Sending data: 10102, 119, 48
Trying to publish
Sending data to subscriber
Sending data: 10102, -77, 54
Trying to publish
Sending data to subscriber
