Current libzmq version is 4.3.4
Current  pyzmq version is 22.0.3
Registered pub on tcp://*:5556
Sending data: 10103, 58, 44
Trying to publish
Sending data to subscriber
Sending data: 10103, 85, 49
Trying to publish
Sending data to subscriber
Sending data: 10103, -70, 58
Trying to publish
Sending data to subscriber
Sending data: 10103, -58, 32
Trying to publish
Sending data to subscriber
Sending data: 10103, 88, 53
Trying to publish
Sending data to subscriber
Sending data: 10103, -69, 36
Trying to publish
Sending data to subscriber
Sending data: 10103, 122, 28
Trying to publish
Sending data to subscriber
Sending data: 10103, -46, 44
Trying to publish
Sending data to subscriber
Sending data: 10103, 89, 19
Trying to publish
Sending data to subscriber
Sending data: 10103, 6, 25
Trying to publish
Sending data to subscriber
Sending data: 10103, 114, 10
Trying to publish
Sending data to subscriber
Sending data: 10103, 57, 26
Trying to publish
Sending data to subscriber
Sending data: 10103, 122, 17
Trying to publish
Sending data to subscriber
Sending data: 10103, 91, 23
Trying to publish
Sending data to subscriber
Sending data: 10103, 103, 27
Trying to publish
Sending data to subscriber
Sending data: 10103, -8, 23
Trying to publish
Sending data to subscriber
Sending data: 10103, 73, 58
Trying to publish
Sending data to subscriber
Sending data: 10103, 15, 26
Trying to publish
Sending data to subscriber
Sending data: 10103, 80, 19
Trying to publish
Sending data to subscriber
Sending data: 10103, -5, 41
Trying to publish
Sending data to subscriber
