Current libzmq version is 4.3.4
Current  pyzmq version is 22.0.3
Registered pub on tcp://*:5556
Sending data: 10105, 27, 22
Trying to publish
Sending data to subscriber
Sending data: 10105, 36, 15
Trying to publish
Sending data to subscriber
Sending data: 10105, 1, 30
Trying to publish
Sending data to subscriber
Sending data: 10105, -71, 14
Trying to publish
Sending data to subscriber
Sending data: 10105, -48, 45
Trying to publish
Sending data to subscriber
Sending data: 10105, -47, 37
Trying to publish
Sending data to subscriber
Sending data: 10105, 97, 41
Trying to publish
Sending data to subscriber
Sending data: 10105, -10, 23
Trying to publish
Sending data to subscriber
Sending data: 10105, -55, 59
Trying to publish
Sending data to subscriber
Sending data: 10105, 119, 45
Trying to publish
Sending data to subscriber
Sending data: 10105, 117, 57
Trying to publish
Sending data to subscriber
Sending data: 10105, 101, 17
Trying to publish
Sending data to subscriber
Sending data: 10105, 112, 35
Trying to publish
Sending data to subscriber
Sending data: 10105, -29, 18
Trying to publish
Sending data to subscriber
Sending data: 10105, 5, 44
Trying to publish
Sending data to subscriber
Sending data: 10105, 83, 56
Trying to publish
Sending data to subscriber
Sending data: 10105, -34, 15
Trying to publish
Sending data to subscriber
Sending data: 10105, 111, 16
Trying to publish
Sending data to subscriber
Sending data: 10105, 80, 30
Trying to publish
Sending data to subscriber
Sending data: 10105, 96, 44
Trying to publish
Sending data to subscriber
