Current libzmq version is 4.3.4
Current  pyzmq version is 22.0.3
Registered pub on tcp://*:5556
Sending data: 10102, 48, 18
Trying to publish
Sending data to subscriber
Sending data: 10102, 126, 35
Trying to publish
Sending data to subscriber
Sending data: 10102, 99, 26
Trying to publish
Sending data to subscriber
Sending data: 10102, -38, 19
Trying to publish
Sending data to subscriber
Sending data: 10102, 133, 34
Trying to publish
Sending data to subscriber
Sending data: 10102, -79, 53
Trying to publish
Sending data to subscriber
Sending data: 10102, -12, 26
Trying to publish
Sending data to subscriber
Sending data: 10102, 70, 31
Trying to publish
Sending data to subscriber
Sending data: 10102, -26, 44
Trying to publish
Sending data to subscriber
Sending data: 10102, 42, 46
Trying to publish
Sending data to subscriber
Sending data: 10102, -44, 48
Trying to publish
Sending data to subscriber
Sending data: 10102, 53, 44
Trying to publish
Sending data to subscriber
Sending data: 10102, 51, 49
Trying to publish
Sending data to subscriber
Sending data: 10102, -80, 49
Trying to publish
Sending data to subscriber
Sending data: 10102, 38, 45
Trying to publish
Sending data to subscriber
Sending data: 10102, -76, 14
Trying to publish
Sending data to subscriber
Sending data: 10102, 59, 56
Trying to publish
Sending data to subscriber
Sending data: 10102, -49, 36
Trying to publish
Sending data to subscriber
Sending data: 10102, -49, 54
Trying to publish
Sending data to subscriber
Sending data: 10102, 13, 51
Trying to publish
Sending data to subscriber
r
