Current libzmq version is 4.3.4
Current  pyzmq version is 22.0.3
Registered pub on tcp://*:5556
Sending data: 10104, -71, 58
Trying to publish
Sending data to subscriber
Sending data: 10104, 9, 53
Trying to publish
Sending data to subscriber
Sending data: 10104, -21, 38
Trying to publish
Sending data to subscriber
Sending data: 10104, 8, 28
Trying to publish
Sending data to subscriber
Sending data: 10104, 12, 42
Trying to publish
Sending data to subscriber
Sending data: 10104, -78, 20
Trying to publish
Sending data to subscriber
Sending data: 10104, 74, 58
Trying to publish
Sending data to subscriber
Sending data: 10104, 102, 45
Trying to publish
Sending data to subscriber
Sending data: 10104, 86, 19
Trying to publish
Sending data to subscriber
Sending data: 10104, -17, 48
Trying to publish
Sending data to subscriber
Sending data: 10104, -33, 55
Trying to publish
Sending data to subscriber
Sending data: 10104, -59, 40
Trying to publish
Sending data to subscriber
Sending data: 10104, 9, 31
Trying to publish
Sending data to subscriber
Sending data: 10104, -24, 54
Trying to publish
Sending data to subscriber
Sending data: 10104, -1, 57
Trying to publish
Sending data to subscriber
Sending data: 10104, 110, 43
Trying to publish
Sending data to subscriber
Sending data: 10104, -2, 53
Trying to publish
Sending data to subscriber
Sending data: 10104, 35, 39
Trying to publish
Sending data to subscriber
Sending data: 10104, 73, 36
Trying to publish
Sending data to subscriber
Sending data: 10104, 45, 12
Trying to publish
Sending data to subscriber
